1620005398758:obtainMoney gbmoura 100
1620005415628:transferMoney gbmoura rsales 100
1620005444839:obtainMoney
1620005585530:ledger
1620005756433:help
1620005785506:obtain-money gbmoura 100
1620005797933:exit
1620006230677:help
1620006239722:obtain-money gb 100
1620007425516:exit
1620007837033:obtain-money gb 10
1620008025730:exit
1620008121181:ledger
1620010014167:exit
1620010805288:ledger
1620010833938:exit
1620010852516:ledger
1620010868543:obtain-money gbmoura 100
1620011308292:obtain-money gbmoura 20
1620011469695:exit
1620011522644:obtain-money b 2
1620011724222:exit
1620011753663:obtain-money b 2
1620012214910:exit
1620037039772:ledger
1620037101731:exit
1620037118263:ledger
1620037130505:stacktrace
1620037261635:exit
1620037273863:ledger
1620037303052:stacktrace
1620037484314:obtain-money gbmoura 200
1620037488098:stacktrace
1620037857482:obtain-money b 1
1620037863404:stacktrace
1620037987423:exit
1620038037967:ledger
1620038075904:exit
1620038090042:ledger
1620038160772:exit
1620038203296:ledger
1620038252884:obtain-money gb 20
1620038369925:exit
1620038397867:ledger
1620038679605:exit
1620038694949:ledger
1620038700731:stacktrace
1620039107901:obtain-money gb 100
1620039115834:stacktrace
1620039260156:obtain-money g 100
1620039327482:exit
1620039361231:obtain-money gb 100
1620039372781:stacktrace
1620039446007:exit
1620039463828:obtain-money gb 100
1620039471644:stacktrace
1620039918816:exit
1620039944472:obtain-money gb 100
1620039949694:stacktrace
1620040031477:obtain-money x 100
1620040412759:stacktrace
1620041684409:exit
1620043053089:obtain-money b 10
1620044812055:exit
1620050675876:obtain-money gb 10
1620050697146:exit
1620050729695:obtain-money gb 10
1620050847820:exit
1620050871956:obtain-money g 1
1620051005314:exit
1620051025287:obtain-money g 10
1620051028636:stacktrace
1620051965402:exit
1620051987843:obtain-money gb 10
1620052449731:exit
1620052471399:obtain-money gb 2
1620052539345:exit
1620052562167:obtain-money gb 10
1620053092607:QUIT
1620053096614:quit
1620053135390:obtain-money b 20
1620053204041:exit
1620053214205:obtain-money c 20
1620053433887:quit
1620053445544:help
1620053461130:transfer-money bg rs 100
1620053498858:ledger
1620053553618:transfer-money bg rs 100
1620054520099:quit
1620054540978:obtain-money x 1
1620058094242:quit
1620058201543:obtain-money x 10
1620058213961:stacktrace
1620058813812:help
1620058824975:script
1620059134262:quit
1620059194891:obtain-money gb 10
1620059352208:obtain-money
1620059380785:obtain-money --gb --100f
1620059386440:obtain-money --gb --100
1620059469991:quit
1620059496737:obtain-money gb 100
1620060336657:quit
1620060359423:obtain-money gb 100
1620060469805:quit
1620060493741:obtain-money g 1
1620060620353:ledger
1620060823948:quit
1620060900146:obtain-money g 1
1620061160096:quit
1620061177360:obtain-money gb 1
1620061199632:quit
1620061215080:obtain-money g 1
1620061324397:quit
1620061340801:obtain-money gb 1
1620061361986:quit
1620061382296:obtain-money gb 1
1620061420647:quit
1620061440352:obtain-money x 1
1620061490740:quit
1620061505734:obtain-money x 1
1620061549020:quit
1620061571483:obtain-money x 1
1620061606004:ledger
1620061685448:quit
1620061821825:ledger
1620061869490:quit
1620061893200:obtain-money v 1
1620062117472:quit
1620062148383:obtain-money x 1
1620062274918:quit
1620062360709:obtain-money x 1
1620062949682:obtain-money gb 10
1620062982760:quit
1620062995722:ledger
1620063479674:quit
1620063509221:obtain-money x 1
1620063900350:quit
1620063917709:obtain-money gb 100
1620063940505:quit
1620063955901:obtain-money c 2
1620064285638:ledger
1620064348549:quit
1620064363687:obtain-money c 2
1620064436578:quit
1620064537663:obtain-money c 2
1620064652687:quit
1620064665813:obtain-money c 2
1620064798075:quir
1620064799718:quit
1620064812028:quir
1620064813985:obtain-money c 2
1620064823012:stacktrace
1620064855397:quit
1620064870302:obtain-money c 2
1620064880910:stacktrace
1620064955744:quit
1620064970175:obtain-money c 2
1620065242368:quit
1620065264036:obtain-money c 2
1620065857244:quit
1620065913259:obtain-money c 2
1620066155203:quit
1620066174914:obtain-money c 2
1620068215875:quit
1620068273248:obtain-money c 2
1620068735505:quit
1620075480462:obtain-money b 1
1620075519183:quit
1620075546488:obtain-money b 1
1620075599697:stacktrace
1620075637844:quit
1620075654225:obtain-money b 1
1620075666631:stacktrace
1620075715741:quit
1620075749576:obtain-money h 1
1620075770584:quit
1620075787944:obtain-money h 1
1620075877942:quit
1620075909796:obtain-money g 5
1620075944288:obtain-money g 500
1620076289737:quit
1620076307815:obtain-money g 1
1620076366517:quit
1620076382820:obtain-money b 1
1620076399450:stacktrace
1620076518978:transfer-money g b 10
1620076571447:quit
1620076590947:obtain-money g 10
1620076598250:transfer-money g b 10
1620076602855:stacktrace
1620076617956:obtain-money b 10
1620076624803:transfer-money g b 10
1620076679844:quit
1620076693257:ledger
1620076702679:obtain-money g 10
1620076709162:transfer-money g b 10
1620076889288:quit
1620076969098:obtain-money b 10
1620076977090:transfer-money b g 10
1620076987368:help
1620077000499:current-amount g
1620077012023:current-amount ghhs
1620077027225:current-amount 0
1620077035032:ledger
1620078397860:quit
1620078527379:obtain-money 1 10
1620079852999:obtain-money 2 20
1620079956050:obtain-money 3 20
1620079969278:transfer-money 3 2 10
1620080294855:current-amount 3
1620080306082:stacktrace
1620080359980:quit
1620080396542:current-amount 3
1620080423315:current-amount 1
1620080436605:obtain-money 9 10
1620080656281:quit
1620080694193:current-amount 3
1620080935272:quit
1620080975184:obtain-money 7 10
1620080986652:transfer-money 7 2 2
1620080991883:transfer-money 10 2 2
1620081009253:current-amount 10
1623257882186:HELP
1623257885069:help
1623257901605:obtain-money gbmoura 100
1623261595400:obtain-money fagomes 100
1623261605396:transfer-money gbmoura fagomes 50
1623261766396:obtain-money rsales 100
1623271606398:help
1623271618502:current-amount gbmoura
1623271851070:stacktrace
1623272002935:help
1623272018475:current-amount gbmoura
1623277931573:obtain-money gbmoura 100
1623277949837:current-amount gbmoura
1623337903820:help
1623337917769:ledger
1623337994514:help
1623338001436:client-ledger gbmoura
1623338191920:ledger
1623338745362:client-ledger gbmoura
1623338751830:client-ledger dimas
1623339110794:client-ledger gbmoura
1623339149024:client-ledger dimas
1623339511673:client-ledger gbmoura
1623339611707:client-ledger dimas
1623339946820:obtain-money gbmoura 100
1623340157833:client-ledger gbmoura
1623340197884:transfer-money gbmoura fagomes 10
1623340211094:client-ledger gbmoura
1623340229866:client-ledger SYSTEM
1623346139412:obtain-money gbmoura 100
1623346238840:stacktrace
1623346482304:obtain-money gbmoura 100
1623346494127:stacktrace
1623346645956:obtain-money gbmoura 100
1623362406401:transfer-money gbmoura fagomes 10
1623362411581:stacktrace
1623362682653:transfer-money gbmoura fagomes 10
1623362789988:obtain-money gbmoura 100.
1623362792690:obtain-money gbmoura 100
1623362901201:transfer-money gbmoura fagomes 10
1623364052673:stacktrace
1623364063292:obtain-money gbmoura 100
1623364068270:stacktrace
1623364117879:obtain-money gbmoura 100
1623364124607:stacktrace
1623364442782:obtain-money gbmoura 100
1623365187096:transfer-money gbmoura fagomes 10
1623365204697:transfer-money fagomes gbmoura 10
1623365210200:ledger
1623365230801:client-ledger fagomes
1623441275223:obtain-money gbmoura 10
1623455884383:stacktrace
1623456342287:obtain-money gbmoura 10
1623456359601:stacktrace
1623456763647:obtain-money gbmoura 10
1623457122024:obtain-money rsales 200
1623457143810:transfer-money gbmoura rsales 200
1623457162688:current-amount gbmoura
1623457182055:client-ledger gbmoura
1623457193333:client-ledger rsales
1623457201631:client-ledger SYSTEM
1623461054288:obtain-money rsales 200
1623461100756:stacktrace
1623461213115:obtain-money rsales 200
1623512435662:obtain-money gbmoura 100
1623512509405:obtain-money rsales 10
1623512521667:transfer-money gbmoura rsales 50
1623516352692:obtain-money rsales 10
1623519959475:stacktrace
1623520066133:obtain-money rsales 10
1623526109323:obtain-money gbmoura 100
1623526130079:transfer-money gbmour rsales 10
1623526139385:transfer-money gbmoura rsales 10
1623526277931:obtain-money gbmoura 100
1623528060991:current-amount gbmoura
1623528173583:obtain-money gbmoura 100
1623528176374:current-amount gbmoura
1623528748735:obtain-money gbmoura 100
1623528753171:current-amount gbmoura
1623528767023:stacktrace
1623528851641:ledger
1623528992896:obtain-money gbmoura 100
1623528997867:current-amount gbmoura
1623529001701:ledger
1623529006453:stacktrace
1623529034692:client-ledger gbmoura
1623529091151:obtain-money rsales
1623529096810:obtain-money rsales 100
1623529107648:transfer-money gbmoura rsales 10
1623531518033:obtain-money rsales 100
1623531535138:obtain-money gbmoura 100
1623531537516:transfer-money gbmoura rsales 10
1623531547143:current-amount gbmoura
1623531554747:client-ledger gbmoura
1623531562793:ledger
1623531702101:obtain-money gbmoura 100
1623537210802:obtain-money rsales 100
1623537222468:transfer-money rsales gbmoura 50
1623537453995:obtain-money rsales 100
1623537460037:current-amount rsales
1623537718591:obtain-money rsales 100
1623537721861:ledger
1623537728010:stacktrace
1623537920696:ledger
1623537929931:client-ledger rsales
1623537941492:obtain-money rsales 100
1623537943558:client-ledger rsales
1623537954398:ledger
1623538287933:stacktrace
1623538432584:ledger
1623538522209:obtain-money rsales 100
1623538523943:ledger
1623539431517:obtain-money rsales 100
1623539434453:ledger
1623539508958:current-amount rsales
1623539650366:client-ledger rsales
1623540027209:ledger
1623540037647:client-ledger rsales
1623540052158:obtain-money rsales 100
1623540060096:client-ledger rsales
1623540062947:ledger
1623540189747:stacktrace
1623540411732:ledger
1623540417358:obtain-money rsales 100
1623540419032:ledger
1623540653039:client-ledger rsales
1623540838710:current-amount rsales
1623541091423:obtain-money rsales 100
1623541095728:client-ledger rsales
1623541326646:obtain-money rsales 100
1623541331936:current-amount rsales
1623541335069:ledger
1623541343863:client-ledger rsales
1623541441876:ledger
1623541452417:obtain-money rsales 10
1623541455547:client-ledger rsales
1623541747660:obtain-money rsales 100
1623541755276:current-amount rsales
1623541777234:ledger
1623541782509:client-ledger rsaleas
1623541790123:client-ledger rsales
1623541894560:obtain-money rsales 10
1623541905294:client-ledger rsales
1623542164604:obtain-money rsales 10
1623542177129:client-ledger rsales
1623542293479:obtain-money rsales 10
1623543363725:ledger
1623543402573:obtain-money rsales 10
1623543411178:client-ledger rsales
1623543525766:obtain-money rsales 10
1623543528064:client-ledger rsales
1623543621501:obtain-money rsales 10
1623543623643:client-ledger rsales
1623543758634:obtain-money gbmoura 10
1623543771419:transfer-money gbmoura rsales 2
1623543813298:obtain-money gbmoura 10
1623543817130:obtain-money rsales 10
1623543819318:transfer-money gbmoura rsales 2
1623543822349:ledger
1623544138665:obtain-money gbmoura 10
1623544156722:obtain-money rsales 10
1623544165532:transfer-money gbmoura rsales 2
1623544172936:client-ledger rsales
1623544301861:obtain-money gbmoura 10
1623544306246:obtain-money rsales 10
1623544309059:client-ledger rsales
1623544554593:ledger
1623544557993:obtain-money rsales 10
1623544561454:client-ledger rsales
1623544777207:current-amount rsales
1623544870079:stacktrace
1623545067940:client-ledger rsales
1623545075262:obtain-money rsales 10
1623545076813:client-ledger rsales
1623545238473:obtain-money rsales 10
1623545240338:client-ledger rsales
1623545626638:obtain-money rsales 10
1623545629599:client-ledger rsales
1623546024969:obtain-money rsales 10
1623546028987:client-ledger rsales
1623546115665:obtain-money rsales 10
1623546117874:client-ledger rsales
1623547183370:obtain-money gbmoura 10
1623547189487:obtain-money rsales 10
1623547197006:transfer-money gbmoura rsales 5
1623547203631:current-amount gbmoura
1623547211012:current-amount rsales
1623547216328:ledger
1623547367681:obtain-money g 10
1623548427674:ledger
1623548845690:obtain-money g 10
1623548847357:ledger
1623548893138:client-ledger g
1623548924814:obtain-money r 10
1623548929596:transfer-money g r 5
1623548931974:ledger
1623548936430:client-ledger r
1623548942389:client-ledger g
1623548945219:current-amount g
1623548950660:current-amount r
1623549254042:ledger
1623549260689:obtain-money g 10
1623549265014:client-ledger g
1623596956492:ledger
1623596964009:obtain-money r 10
1623596967992:current-amount r
1623596973204:client-ledger r
1623597296494:ledger
1623597429425:obtain-money r 10
1623597432882:client-ledger r
1623597651524:ledger
1623597751676:stacktrace
1623597877780:ledger
1623597884470:obtain-money r 10
1623597886151:ledger
1623598016147:obtain-money r 10
1623598018108:ledger
1623598021251:client-ledger r
1623598233835:ledger
1623598237173:obtain-money r 10
1623598238852:ledger
1623598242308:client-ledger r
1623598303939:ledger
1623598312626:client-ledger r
1623598398780:ledger
1623598402179:client-ledger r
1623598643561:ledger
1623598652645:obtain-money r 10
1623598654382:ledger
1623598657828:client-ledger r
1623598664650:current-amount g
1623598759067:obtain-money g 10
1623598761614:current-amount g
1623598768202:transfer-money g r 5
1623598770445:ledger
1623598781110:client-ledger g
1623598793468:client-ledger r
1623609198195:obtain-money g 10
1623609228776:ledger
1623609291000:obtain-money g 10
1623609634084:obtain-money r 10
1623609638820:transfer-money g r 2
1623609642832:current-amount g
1623609828366:obtain-money g 10
1623609847193:obtain-money f 10
1623609851223:current-amount f
1623609988291:obtain-money g 10
1623609992286:current-amount g
1623610235503:obtain-money g 10
1623610245209:obtain-money r 10
1623610250571:current-amount r
1623610592447:obtain-money d 10
1623610599067:current-amount d
1623610906761:obtain-money d 10
1623610915746:current-amount d
1623611139549:obtain-money d 10
1623611154868:current-amount d
1623611279696:obtain-money gbmoura 10
1623611290036:current-amount gbmoura
1623611503304:obtain-money rsales 10
1623611532703:current-amount gbmoura
1623611837517:obtain-money rsales 10
1623611958697:current-amount rsales
1623611973873:obtain-money gbmoura 10
1623611982874:transfer-money gbmoura rsales 1
1623611987766:current-amount gbmoura
1623611992458:current-amount f
1623612197350:current-amount g
1623612447722:obtain-money g 10
1623612453291:current-amount g
1623612467796:current-amount f
1623612561279:obtain-money g 10
1623612564139:current-amount g
1623612566768:current-amount f
1623613322349:ledger
1623615893780:obtain-money g 10
1623615900012:current-amount g
1623615904478:ledger
1623616141570:obtain-money g 10
1623616151744:current-amount g
1623616157808:obtain-money r 10
1623616163162:transfer-money g r 10
1623616166594:current-amount r
1623616168964:ledger
1623616173354:client-ledger r
1623624151242:obtain-money 10
1623624203362:obtain-money 10
1623624233319:transfer-money rsales 5
1623624250410:current-amount
1623624465602:transfer-money rsales 5
1623624543551:obtain-money 10
1623624551702:transfer-money rsales 5
1623624556878:current-amount
1623624782938:current-amount
1623625047745:obtain-money 10
1623625051390:current-amount
1623625058655:obtain-money 10
1623625066148:transfer-money rsales 5
1623625078334:transfer-money gbmoura 5
1623625082055:current-amount
1623625085794:current-amount
1623625178128:client-ledger
1623625212990:ledger
1623627497208:create-client
